(0000) 3000  0011000000000000 (   1)                 .ORIG x3000
(3000) E028  1110000000101000 (   3)                 LEA   R0 intro
(3001) F022  1111000000100010 (   4)                 TRAP  x22
(3002) 2022  0010000000100010 (   5)                 LD    R0 enter
(3003) F020  1111000000100000 (   7) userloop        TRAP  x20
(3004) F021  1111000000100001 (   8)                 TRAP  x21
(3005) 1236  0001001000110110 (   9)                 ADD   R1 R0 #-10
(3006) 0402  0000010000000010 (  10)                 BRZ   function
(3007) 1A20  0001101000100000 (  11)                 ADD   R5 R0 #0
(3008) 0FFA  0000111111111010 (  12)                 BRNZP userloop
(3009) 1160  0001000101100000 (  14) function        ADD   R0 R5 #0
(300A) 5B60  0101101101100000 (  16)                 AND   R5 R5 #0
(300B) 1B40  0001101101000000 (  17)                 ADD   R5 R5 R0
(300C) 5260  0101001001100000 (  19)                 AND   R1 R1 #0
(300D) 241A  0010010000011010 (  20)                 LD    R2 count
(300E) 94BF  1001010010111111 (  21)                 NOT   R2 R2
(300F) 14A1  0001010010100001 (  22)                 ADD   R2 R2 #1
(3010) 1642  0001011001000010 (  25) loop            ADD   R3 R1 R2
(3011) 040D  0000010000001101 (  26)                 BRZ   loop_out
(3012) E60D  1110011000001101 (  27)                 LEA   R3 binary
(3013) 16C1  0001011011000001 (  28)                 ADD   R3 R3 R1
(3014) 68C0  0110100011000000 (  29)                 LDR   R4 R3 #0
(3015) 5905  0101100100000101 (  30)                 AND   R4 R4 R5
(3016) 0404  0000010000000100 (  31)                 BRZ   no_bit
(3017) 200F  0010000000001111 (  32)                 LD    R0 ascii_one
(3018) F021  1111000000100001 (  33)                 TRAP  x21
(3019) 1261  0001001001100001 (  34)                 ADD   R1 R1 #1
(301A) 0FF5  0000111111110101 (  35)                 BRNZP loop
(301B) 200A  0010000000001010 (  37) no_bit          LD    R0 ascii_zero
(301C) F021  1111000000100001 (  38)                 TRAP  x21
(301D) 1261  0001001001100001 (  39)                 ADD   R1 R1 #1
(301E) 0FF1  0000111111110001 (  40)                 BRNZP loop
(301F) F025  1111000000100101 (  42) loop_out        TRAP  x25
(3020) 0008  0000000000001000 (  44) binary          .FILL x0008
(3021) 0004  0000000000000100 (  45)                 .FILL x0004
(3022) 0002  0000000000000010 (  46)                 .FILL x0002
(3023) 0001  0000000000000001 (  47)                 .FILL x0001
(3024) 0000  0000000000000000 (  48)                 .FILL x0000
(3025) 0010  0000000000010000 (  50) enter           .FILL x0010
(3026) 0030  0000000000110000 (  51) ascii_zero      .FILL x0030
(3027) 0031  0000000000110001 (  52) ascii_one       .FILL x0031
(3028) 0004  0000000000000100 (  53) count           .FILL x0004
(3029) 0045  0000000001000101 (  54) intro           .FILL x0045
(302A) 006E  0000000001101110 (  54)                 .FILL x006E
(302B) 0074  0000000001110100 (  54)                 .FILL x0074
(302C) 0065  0000000001100101 (  54)                 .FILL x0065
(302D) 0072  0000000001110010 (  54)                 .FILL x0072
(302E) 0020  0000000000100000 (  54)                 .FILL x0020
(302F) 0061  0000000001100001 (  54)                 .FILL x0061
(3030) 0020  0000000000100000 (  54)                 .FILL x0020
(3031) 0064  0000000001100100 (  54)                 .FILL x0064
(3032) 0069  0000000001101001 (  54)                 .FILL x0069
(3033) 0067  0000000001100111 (  54)                 .FILL x0067
(3034) 0069  0000000001101001 (  54)                 .FILL x0069
(3035) 0074  0000000001110100 (  54)                 .FILL x0074
(3036) 003A  0000000000111010 (  54)                 .FILL x003A
(3037) 0020  0000000000100000 (  54)                 .FILL x0020
(3038) 0000  0000000000000000 (  54)                 .FILL x0000
